<?xml version="1.0" encoding="UTF-8"?>
<!-- Generated by org.testng.reporters.JUnitXMLReporter -->
<testsuite ignored="1" hostname="IBM-PF37ZYHL" failures="1" tests="10" name="Test" time="35.37" errors="0" timestamp="2026-07-20T12:48:49 IST">
  <testcase classname="com.webOrder.WebOrder_Login_Create_Unique_Order" name="login_to_app" time="5.121"/>
  <testcase classname="com.webOrder.WebOrder_DeleteOrder_VerifyOrder" name="login_to_app" time="5.875"/>
  <testcase classname="com.webOrder.WebOrder_Login_All_TCs_Example" name="login_to_app" time="9.117"/>
  <testcase classname="com.webOrder.WebOrder_DeleteOrder_VerifyOrder" name="create_Order" time="3.702"/>
  <testcase classname="com.webOrder.WebOrder_Login_All_TCs_Example" name="login_to_app" time="0.762">
    <failure type="org.openqa.selenium.NoSuchElementException" message="no such element: Unable to locate element: {&amp;quot;method&amp;quot;:&amp;quot;css selector&amp;quot;,&amp;quot;selector&amp;quot;:&amp;quot;#ctl00_MainContent_status&amp;quot;}
  (Session info: MicrosoftEdge=150.0.4078.65)
For documentation on this error, please visit: https://www.selenium.dev/documentation/webdriver/troubleshooting/errors#nosuchelementexception
Build info: version: &amp;apos;4.45.0&amp;apos;, revision: &amp;apos;cd6a3cd cd6a3cdfca6970f62e5bc8344109d0fe0e2af05e&amp;apos;
System info: os.name: &amp;apos;Windows 11&amp;apos;, os.arch: &amp;apos;amd64&amp;apos;, os.version: &amp;apos;10.0&amp;apos;, java.version: &amp;apos;23&amp;apos;
Driver info: org.openqa.selenium.edge.EdgeDriver
Command: [c662199414fd7b2089c58ef31016eb10, findElement {using=id, value=ctl00_MainContent_status}]
Capabilities {acceptInsecureCerts: false, browserName: MicrosoftEdge, browserVersion: 150.0.4078.65, fedcm:accounts: true, goog:processID: 13216, ms:edgeOptions: {debuggerAddress: localhost:52723}, msedge: {msedgedriverVersion: 150.0.4078.83 (7f302606e52a..., userDataDir: C:\Users\SUSHAN~1\AppData\L...}, networkConnectionEnabled: false, pageLoadStrategy: normal, platformName: windows, proxy: Proxy(), se:cdp: ws://localhost:52723/devtoo..., se:cdpVersion: 150.0.4078.65, setWindowRect: true, strictFileInteractability: false, timeouts: {implicit: 0, pageLoad: 300000, script: 30000}, unhandledPromptBehavior: dismiss and notify, webauthn:extension:credBlob: true, webauthn:extension:largeBlob: true, webauthn:extension:minPinLength: true, webauthn:extension:prf: true, webauthn:virtualAuthenticators: true}
Session ID: c662199414fd7b2089c58ef31016eb10">
      <![CDATA[org.openqa.selenium.NoSuchElementException: no such element: Unable to locate element: {"method":"css selector","selector":"#ctl00_MainContent_status"}
  (Session info: MicrosoftEdge=150.0.4078.65)
For documentation on this error, please visit: https://www.selenium.dev/documentation/webdriver/troubleshooting/errors#nosuchelementexception
Build info: version: '4.45.0', revision: 'cd6a3cd cd6a3cdfca6970f62e5bc8344109d0fe0e2af05e'
System info: os.name: 'Windows 11', os.arch: 'amd64', os.version: '10.0', java.version: '23'
Driver info: org.openqa.selenium.edge.EdgeDriver
Command: [c662199414fd7b2089c58ef31016eb10, findElement {using=id, value=ctl00_MainContent_status}]
Capabilities {acceptInsecureCerts: false, browserName: MicrosoftEdge, browserVersion: 150.0.4078.65, fedcm:accounts: true, goog:processID: 13216, ms:edgeOptions: {debuggerAddress: localhost:52723}, msedge: {msedgedriverVersion: 150.0.4078.83 (7f302606e52a..., userDataDir: C:\Users\SUSHAN~1\AppData\L...}, networkConnectionEnabled: false, pageLoadStrategy: normal, platformName: windows, proxy: Proxy(), se:cdp: ws://localhost:52723/devtoo..., se:cdpVersion: 150.0.4078.65, setWindowRect: true, strictFileInteractability: false, timeouts: {implicit: 0, pageLoad: 300000, script: 30000}, unhandledPromptBehavior: dismiss and notify, webauthn:extension:credBlob: true, webauthn:extension:largeBlob: true, webauthn:extension:minPinLength: true, webauthn:extension:prf: true, webauthn:virtualAuthenticators: true}
Session ID: c662199414fd7b2089c58ef31016eb10
at org.openqa.selenium.remote.ErrorCodec.decode(ErrorCodec.java:169)
at org.openqa.selenium.remote.codec.w3c.W3CHttpResponseCodec.decode(W3CHttpResponseCodec.java:143)
at org.openqa.selenium.remote.codec.w3c.W3CHttpResponseCodec.decode(W3CHttpResponseCodec.java:50)
at org.openqa.selenium.remote.HttpCommandExecutor.execute(HttpCommandExecutor.java:196)
at org.openqa.selenium.remote.service.DriverCommandExecutor.invokeExecute(DriverCommandExecutor.java:217)
at org.openqa.selenium.remote.service.DriverCommandExecutor.execute(DriverCommandExecutor.java:175)
at org.openqa.selenium.remote.RemoteWebDriver.execute(RemoteWebDriver.java:575)
at org.openqa.selenium.remote.ElementLocation$ElementFinder$2.findElement(ElementLocation.java:173)
at org.openqa.selenium.remote.ElementLocation.findElement(ElementLocation.java:67)
at org.openqa.selenium.remote.RemoteWebDriver.findElement(RemoteWebDriver.java:396)
at org.openqa.selenium.remote.RemoteWebDriver.findElement(RemoteWebDriver.java:390)
at com.webOrder.WebOrder_Login_All_TCs_Example.login_to_app(WebOrder_Login_All_TCs_Example.java:32)
at java.base/java.util.concurrent.Executors$RunnableAdapter.call(Executors.java:572)
at java.base/java.util.concurrent.FutureTask.run(FutureTask.java:317)
at java.base/java.util.concurrent.ThreadPoolExecutor.runWorker(ThreadPoolExecutor.java:1144)
at java.base/java.util.concurrent.ThreadPoolExecutor$Worker.run(ThreadPoolExecutor.java:642)
at java.base/java.lang.Thread.run(Thread.java:1575)
... Removed 11 stack frames]]>
    </failure>
  </testcase> <!-- login_to_app -->
  <testcase classname="com.webOrder.WebOrder_Login_All_TCs_Example" name="login_to_app" time="0.802"/>
  <testcase classname="com.webOrder.WebOrder_DeleteOrder_VerifyOrder" name="delete_order" time="1.836"/>
  <testcase classname="com.webOrder.WebOrder_Login_All_TCs_Example" name="login_to_app" time="0.801"/>
  <testcase classname="com.webOrder.WebOrder_Login_All_TCs_Example" name="login_to_app" time="0.67"/>
  <testcase classname="com.webOrder.WebOrder_Login_Create_Unique_Order" name="create_Order" time="18.336"/>
  <testcase classname="com.webOrder.WebOrder_DeleteOrder_VerifyOrder" name="update_order" time="0.0">
    <ignored/>
  </testcase> <!-- update_order -->
</testsuite> <!-- Test -->
