<?xml version="1.0" encoding="UTF-8"?>
<!-- Generated by org.testng.reporters.JUnitReportReporter -->
<testsuite hostname="IBM-PF37ZYHL" failures="0" tests="9" name="com.DemoWebShop.DemoWebShop_Add_To_Cart_Screenshot_CrossBrowser" time="26.504" errors="0" timestamp="2026-07-17T10:21:45 IST" skipped="0">
  <testcase classname="com.DemoWebShop.DemoWebShop_Add_To_Cart_Screenshot_CrossBrowser" name="add_item_to_cart" time="6.232"/>
  <testcase classname="com.DemoWebShop.DemoWebShop_Add_To_Cart_Screenshot_CrossBrowser" name="add_item_to_cart" time="5.871"/>
  <testcase classname="com.DemoWebShop.DemoWebShop_Add_To_Cart_Screenshot_CrossBrowser" name="add_item_to_cart" time="5.185"/>
  <testcase classname="com.DemoWebShop.DemoWebShop_Add_To_Cart_Screenshot_CrossBrowser" name="Update_From_Cart" time="2.287"/>
  <testcase classname="com.DemoWebShop.DemoWebShop_Add_To_Cart_Screenshot_CrossBrowser" name="Update_From_Cart" time="2.260"/>
  <testcase classname="com.DemoWebShop.DemoWebShop_Add_To_Cart_Screenshot_CrossBrowser" name="Update_From_Cart" time="1.624"/>
  <testcase classname="com.DemoWebShop.DemoWebShop_Add_To_Cart_Screenshot_CrossBrowser" name="Remove_From_Cart" time="1.044"/>
  <testcase classname="com.DemoWebShop.DemoWebShop_Add_To_Cart_Screenshot_CrossBrowser" name="Remove_From_Cart" time="1.109"/>
  <testcase classname="com.DemoWebShop.DemoWebShop_Add_To_Cart_Screenshot_CrossBrowser" name="Remove_From_Cart" time="0.892"/>
</testsuite> <!-- com.DemoWebShop.DemoWebShop_Add_To_Cart_Screenshot_CrossBrowser -->
