<?xml version="1.0" encoding="UTF-8"?>
<!-- Generated by org.testng.reporters.JUnitReportReporter -->
<testsuite hostname="IBM-PF37ZYHL" failures="0" tests="2" name="pk_Advance_Topics.Date_Select_Example" time="3.409" errors="0" timestamp="2026-07-17T12:16:03 IST" skipped="1">
  <testcase classname="pk_Advance_Topics.Date_Select_Example" name="Date_Select" time="3.409"/>
  <testcase classname="pk_Advance_Topics.Date_Select_Example" name="Date__Direct_Select">
    <skipped/>
  </testcase> <!-- Date__Direct_Select -->
</testsuite> <!-- pk_Advance_Topics.Date_Select_Example -->
