<?xml version="1.0" encoding="UTF-8"?>
<!-- Generated by org.testng.reporters.JUnitReportReporter -->
<testsuite hostname="IBM-PF37ZYHL" failures="0" tests="5" name="com.OrangeHRM.OrangeHRM_Login_DataDriven_Using_Excel" time="62.239" errors="0" timestamp="2026-07-16T16:26:30 IST" skipped="0">
  <testcase classname="com.OrangeHRM.OrangeHRM_Login_DataDriven_Using_Excel" name="login" time="4.725"/>
  <testcase classname="com.OrangeHRM.OrangeHRM_Login_DataDriven_Using_Excel" name="login" time="8.277"/>
  <testcase classname="com.OrangeHRM.OrangeHRM_Login_DataDriven_Using_Excel" name="login" time="5.875"/>
  <testcase classname="com.OrangeHRM.OrangeHRM_Login_DataDriven_Using_Excel" name="login" time="29.156"/>
  <testcase classname="com.OrangeHRM.OrangeHRM_Login_DataDriven_Using_Excel" name="login" time="14.206"/>
</testsuite> <!-- com.OrangeHRM.OrangeHRM_Login_DataDriven_Using_Excel -->
