<?xml version="1.0" encoding="UTF-8"?>
<!-- Generated by org.testng.reporters.JUnitReportReporter -->
<testsuite hostname="IBM-PF37ZYHL" failures="0" tests="3" name="com.DemoWebShop.Add_to_Cart" time="5.635" errors="0" timestamp="2026-07-17T13:03:56 IST" skipped="0">
  <testcase classname="com.DemoWebShop.Add_to_Cart" name="add_item_to_cart" time="3.321"/>
  <testcase classname="com.DemoWebShop.Add_to_Cart" name="Update_From_Cart" time="1.508"/>
  <testcase classname="com.DemoWebShop.Add_to_Cart" name="Remove_From_Cart" time="0.806"/>
</testsuite> <!-- com.DemoWebShop.Add_to_Cart -->
