<?xml version="1.0" encoding="UTF-8"?>
<!-- Generated by org.testng.reporters.JUnitReportReporter -->
<testsuite hostname="IBM-PF37ZYHL" failures="0" tests="2" name="com.webOrder.WebOrder_Login_CreateOrder_VerifyOrder" time="7.675" errors="0" timestamp="2026-07-14T10:48:11 IST" skipped="0">
  <testcase classname="com.webOrder.WebOrder_Login_CreateOrder_VerifyOrder" name="login_to_app" time="4.236"/>
  <testcase classname="com.webOrder.WebOrder_Login_CreateOrder_VerifyOrder" name="create_Order" time="3.439"/>
</testsuite> <!-- com.webOrder.WebOrder_Login_CreateOrder_VerifyOrder -->
