<?xml version="1.0" encoding="UTF-8"?>
<!-- Generated by org.testng.reporters.JUnitReportReporter -->
<testsuite hostname="IBM-PF37ZYHL" failures="0" tests="5" name="com.DemoWebShop.DemoShop_Add_To_Cart_DataProvider" time="28.187" errors="0" timestamp="2026-07-20T16:51:14 IST" skipped="0">
  <testcase classname="com.DemoWebShop.DemoShop_Add_To_Cart_DataProvider" name="removeProductFromCart" time="1.417"/>
  <testcase classname="com.DemoWebShop.DemoShop_Add_To_Cart_DataProvider" name="addAllDesktopProducts" time="6.345"/>
  <testcase classname="com.DemoWebShop.DemoShop_Add_To_Cart_DataProvider" name="addAllDesktopProducts" time="6.730"/>
  <testcase classname="com.DemoWebShop.DemoShop_Add_To_Cart_DataProvider" name="addAllDesktopProducts" time="6.686"/>
  <testcase classname="com.DemoWebShop.DemoShop_Add_To_Cart_DataProvider" name="addAllDesktopProducts" time="7.009"/>
</testsuite> <!-- com.DemoWebShop.DemoShop_Add_To_Cart_DataProvider -->
