<?xml version="1.0" encoding="UTF-8"?>
<!-- Generated by org.testng.reporters.JUnitReportReporter -->
<testsuite hostname="IBM-PF37ZYHL" failures="0" tests="7" name="com.webOrder.WebOrder_Login_DataDrivenTest" time="122.714" errors="0" timestamp="2026-07-15T14:41:50 IST" skipped="0">
  <testcase classname="com.webOrder.WebOrder_Login_DataDrivenTest" name="login_to_app" time="18.783"/>
  <testcase classname="com.webOrder.WebOrder_Login_DataDrivenTest" name="login_to_app" time="7.517"/>
  <testcase classname="com.webOrder.WebOrder_Login_DataDrivenTest" name="login_to_app" time="16.805"/>
  <testcase classname="com.webOrder.WebOrder_Login_DataDrivenTest" name="login_to_app" time="23.994"/>
  <testcase classname="com.webOrder.WebOrder_Login_DataDrivenTest" name="login_to_app" time="10.551"/>
  <testcase classname="com.webOrder.WebOrder_Login_DataDrivenTest" name="login_to_app" time="12.145"/>
  <testcase classname="com.webOrder.WebOrder_Login_DataDrivenTest" name="login_to_app" time="32.919"/>
</testsuite> <!-- com.webOrder.WebOrder_Login_DataDrivenTest -->
