<?xml version="1.0" encoding="UTF-8"?>
<!-- Generated by org.testng.reporters.JUnitReportReporter -->
<testsuite hostname="IBM-PF37ZYHL" failures="0" tests="5" name="com.webOrder.WebOrder_Login_DataDriven_Using_Excel" time="22.882" errors="0" timestamp="2026-07-16T11:01:38 IST" skipped="0">
  <testcase classname="com.webOrder.WebOrder_Login_DataDriven_Using_Excel" name="login_to_app" time="4.557"/>
  <testcase classname="com.webOrder.WebOrder_Login_DataDriven_Using_Excel" name="login_to_app" time="4.222"/>
  <testcase classname="com.webOrder.WebOrder_Login_DataDriven_Using_Excel" name="login_to_app" time="5.164"/>
  <testcase classname="com.webOrder.WebOrder_Login_DataDriven_Using_Excel" name="login_to_app" time="4.124"/>
  <testcase classname="com.webOrder.WebOrder_Login_DataDriven_Using_Excel" name="login_to_app" time="4.815"/>
</testsuite> <!-- com.webOrder.WebOrder_Login_DataDriven_Using_Excel -->
