<?xml version="1.0" encoding="UTF-8"?>
<!-- Generated by org.testng.reporters.JUnitReportReporter -->
<testsuite hostname="IBM-PF37ZYHL" failures="0" tests="16" name="com.webOrder.LetsCodeIt_Example" time="82.189" errors="0" timestamp="2026-07-16T15:12:35 IST" skipped="0">
  <testcase classname="com.webOrder.LetsCodeIt_Example" name="confirmClickOK" time="11.178"/>
  <testcase classname="com.webOrder.LetsCodeIt_Example" name="switchWindow" time="8.606"/>
  <testcase classname="com.webOrder.LetsCodeIt_Example" name="selectDropDown" time="8.445"/>
  <testcase classname="com.webOrder.LetsCodeIt_Example" name="MultiSelect" time="2.179"/>
  <testcase classname="com.webOrder.LetsCodeIt_Example" name="RadioButton" time="0.469"/>
  <testcase classname="com.webOrder.LetsCodeIt_Example" name="ElementHide" time="6.394"/>
  <testcase classname="com.webOrder.LetsCodeIt_Example" name="disableEnableTextBox" time="0.491"/>
  <testcase classname="com.webOrder.LetsCodeIt_Example" name="mouseHover" time="11.185"/>
  <testcase classname="com.webOrder.LetsCodeIt_Example" name="switchTab" time="11.590"/>
  <testcase classname="com.webOrder.LetsCodeIt_Example" name="alertClickOK" time="6.211"/>
  <testcase classname="com.webOrder.LetsCodeIt_Example" name="selectInSideIframe" time="5.164"/>
  <testcase classname="com.webOrder.LetsCodeIt_Example" name="Enabled_Field_Example" time="0.197"/>
  <testcase classname="com.webOrder.LetsCodeIt_Example" name="AutoSuggest" time="6.545"/>
  <testcase classname="com.webOrder.LetsCodeIt_Example" name="Hide_Element_Example" time="0.186"/>
  <testcase classname="com.webOrder.LetsCodeIt_Example" name="WebTable" time="0.003"/>
  <testcase classname="com.webOrder.LetsCodeIt_Example" name="CheckBox" time="3.346"/>
</testsuite> <!-- com.webOrder.LetsCodeIt_Example -->
