<?xml version="1.0" encoding="UTF-8"?>
<!-- Generated by org.testng.reporters.JUnitReportReporter -->
<testsuite hostname="IBM-PF37ZYHL" failures="0" tests="15" name="com.webOrder.Weborder_Cross_Browser_Using_BaseClass_with_DataProvider" time="99.226" errors="0" timestamp="2026-07-20T12:46:47 IST" skipped="0">
  <testcase classname="com.webOrder.Weborder_Cross_Browser_Using_BaseClass_with_DataProvider" name="login_to_app" time="5.662"/>
  <testcase classname="com.webOrder.Weborder_Cross_Browser_Using_BaseClass_with_DataProvider" name="login_to_app" time="12.880"/>
  <testcase classname="com.webOrder.Weborder_Cross_Browser_Using_BaseClass_with_DataProvider" name="login_to_app" time="9.420"/>
  <testcase classname="com.webOrder.Weborder_Cross_Browser_Using_BaseClass_with_DataProvider" name="login_to_app" time="5.236"/>
  <testcase classname="com.webOrder.Weborder_Cross_Browser_Using_BaseClass_with_DataProvider" name="login_to_app" time="5.493"/>
  <testcase classname="com.webOrder.Weborder_Cross_Browser_Using_BaseClass_with_DataProvider" name="login_to_app" time="5.396"/>
  <testcase classname="com.webOrder.Weborder_Cross_Browser_Using_BaseClass_with_DataProvider" name="login_to_app" time="5.744"/>
  <testcase classname="com.webOrder.Weborder_Cross_Browser_Using_BaseClass_with_DataProvider" name="login_to_app" time="5.732"/>
  <testcase classname="com.webOrder.Weborder_Cross_Browser_Using_BaseClass_with_DataProvider" name="login_to_app" time="5.389"/>
  <testcase classname="com.webOrder.Weborder_Cross_Browser_Using_BaseClass_with_DataProvider" name="login_to_app" time="5.710"/>
  <testcase classname="com.webOrder.Weborder_Cross_Browser_Using_BaseClass_with_DataProvider" name="login_to_app" time="5.413"/>
  <testcase classname="com.webOrder.Weborder_Cross_Browser_Using_BaseClass_with_DataProvider" name="login_to_app" time="10.010"/>
  <testcase classname="com.webOrder.Weborder_Cross_Browser_Using_BaseClass_with_DataProvider" name="login_to_app" time="5.394"/>
  <testcase classname="com.webOrder.Weborder_Cross_Browser_Using_BaseClass_with_DataProvider" name="login_to_app" time="5.320"/>
  <testcase classname="com.webOrder.Weborder_Cross_Browser_Using_BaseClass_with_DataProvider" name="login_to_app" time="6.427"/>
</testsuite> <!-- com.webOrder.Weborder_Cross_Browser_Using_BaseClass_with_DataProvider -->
