<?xml version="1.0" encoding="UTF-8"?>
<!-- Generated by org.testng.reporters.JUnitReportReporter -->
<testsuite hostname="IBM-PF37ZYHL" failures="0" tests="4" name="com.webOrder.WebOrder_DeleteOrder_VerifyOrder" time="11.413" errors="0" timestamp="2026-07-20T12:48:49 IST" skipped="1">
  <testcase classname="com.webOrder.WebOrder_DeleteOrder_VerifyOrder" name="login_to_app" time="5.875"/>
  <testcase classname="com.webOrder.WebOrder_DeleteOrder_VerifyOrder" name="create_Order" time="3.702"/>
  <testcase classname="com.webOrder.WebOrder_DeleteOrder_VerifyOrder" name="delete_order" time="1.836"/>
  <testcase classname="com.webOrder.WebOrder_DeleteOrder_VerifyOrder" name="update_order">
    <skipped/>
  </testcase> <!-- update_order -->
</testsuite> <!-- com.webOrder.WebOrder_DeleteOrder_VerifyOrder -->
