<?xml version="1.0" encoding="UTF-8"?>
<!-- Generated by org.testng.reporters.JUnitReportReporter -->
<testsuite hostname="IBM-PF37ZYHL" failures="0" tests="3" name="com.webOrder.Weborder_Cross_Browser_Using_BaseClass" time="44.692" errors="0" timestamp="2026-07-15T16:29:10 IST" skipped="0">
  <testcase classname="com.webOrder.Weborder_Cross_Browser_Using_BaseClass" name="login_to_app" time="14.262"/>
  <testcase classname="com.webOrder.Weborder_Cross_Browser_Using_BaseClass" name="login_to_app" time="15.239"/>
  <testcase classname="com.webOrder.Weborder_Cross_Browser_Using_BaseClass" name="login_to_app" time="15.191"/>
</testsuite> <!-- com.webOrder.Weborder_Cross_Browser_Using_BaseClass -->
