<?xml version="1.0" encoding="UTF-8"?>
<!-- Generated by org.testng.reporters.JUnitReportReporter -->
<testsuite hostname="IBM-PF37ZYHL" failures="0" tests="3" name="com.webOrder.WebOrder_Cross_Browser_WithoutData" time="20.475" errors="0" timestamp="2026-07-15T11:23:25 IST" skipped="0">
  <testcase classname="com.webOrder.WebOrder_Cross_Browser_WithoutData" name="login_to_app" time="8.014"/>
  <testcase classname="com.webOrder.WebOrder_Cross_Browser_WithoutData" name="login_to_app" time="6.146"/>
  <testcase classname="com.webOrder.WebOrder_Cross_Browser_WithoutData" name="login_to_app" time="6.315"/>
</testsuite> <!-- com.webOrder.WebOrder_Cross_Browser_WithoutData -->
