<?xml version="1.0" encoding="UTF-8"?>
<!-- Generated by org.testng.reporters.JUnitReportReporter -->
<testsuite hostname="IBM-PF37ZYHL" failures="0" tests="8" name="com.webOrder.WebOrder_CreateOrder_All_TCs_Scenario" time="11.148" errors="0" timestamp="2026-07-20T12:43:06 IST" skipped="0">
  <testcase classname="com.webOrder.WebOrder_CreateOrder_All_TCs_Scenario" name="Create_Order" time="1.322"/>
  <testcase classname="com.webOrder.WebOrder_CreateOrder_All_TCs_Scenario" name="Create_Order" time="1.238"/>
  <testcase classname="com.webOrder.WebOrder_CreateOrder_All_TCs_Scenario" name="Create_Order" time="1.757"/>
  <testcase classname="com.webOrder.WebOrder_CreateOrder_All_TCs_Scenario" name="Create_Order" time="1.251"/>
  <testcase classname="com.webOrder.WebOrder_CreateOrder_All_TCs_Scenario" name="Create_Order" time="1.846"/>
  <testcase classname="com.webOrder.WebOrder_CreateOrder_All_TCs_Scenario" name="Create_Order" time="1.150"/>
  <testcase classname="com.webOrder.WebOrder_CreateOrder_All_TCs_Scenario" name="Create_Order" time="1.253"/>
  <testcase classname="com.webOrder.WebOrder_CreateOrder_All_TCs_Scenario" name="Create_Order" time="1.331"/>
</testsuite> <!-- com.webOrder.WebOrder_CreateOrder_All_TCs_Scenario -->
