<?xml version="1.0" encoding="UTF-8"?>
<!-- Generated by org.testng.reporters.JUnitReportReporter -->
<testsuite hostname="IBM-PF37ZYHL" failures="0" tests="2" name="com.webOrder.WebOrder_Login_Create_Unique_Order" time="23.457" errors="0" timestamp="2026-07-20T12:48:49 IST" skipped="0">
  <testcase classname="com.webOrder.WebOrder_Login_Create_Unique_Order" name="login_to_app" time="5.121"/>
  <testcase classname="com.webOrder.WebOrder_Login_Create_Unique_Order" name="create_Order" time="18.336"/>
</testsuite> <!-- com.webOrder.WebOrder_Login_Create_Unique_Order -->
