<?xml version="1.0" encoding="UTF-8"?>
<!-- Generated by org.testng.reporters.JUnitReportReporter -->
<testsuite hostname="IBM-PF37ZYHL" failures="0" tests="3" name="com.webOrder.WebOrder_UpdateOrder_VerifyOrder" time="32.516" errors="0" timestamp="2026-07-14T12:43:50 IST" skipped="0">
  <testcase classname="com.webOrder.WebOrder_UpdateOrder_VerifyOrder" name="login_to_app" time="3.866"/>
  <testcase classname="com.webOrder.WebOrder_UpdateOrder_VerifyOrder" name="create_Order" time="23.564"/>
  <testcase classname="com.webOrder.WebOrder_UpdateOrder_VerifyOrder" name="update_order" time="5.086"/>
</testsuite> <!-- com.webOrder.WebOrder_UpdateOrder_VerifyOrder -->
