<?xml version="1.0" encoding="UTF-8"?>
<!-- Generated by org.testng.reporters.JUnitReportReporter -->
<testsuite hostname="IBM-PF37ZYHL" failures="0" tests="2" name="pk_Advance_Topics.DatePicker" time="8.252" errors="0" timestamp="2026-07-17T12:35:52 IST" skipped="1">
  <testcase classname="pk_Advance_Topics.DatePicker" name="Date__Direct_Select" time="8.252"/>
  <testcase classname="pk_Advance_Topics.DatePicker" name="Select_Date">
    <skipped/>
  </testcase> <!-- Select_Date -->
</testsuite> <!-- pk_Advance_Topics.DatePicker -->
