<?xml version="1.0" encoding="UTF-8"?>
<!-- Generated by org.testng.reporters.JUnitReportReporter -->
<testsuite hostname="IBM-PF37ZYHL" failures="0" tests="2" name="com.webOrder.WebOrder_Create_Unique_Order_Handle_ChangeYourPassword" time="22.458" errors="0" timestamp="2026-07-14T12:12:45 IST" skipped="0">
  <testcase classname="com.webOrder.WebOrder_Create_Unique_Order_Handle_ChangeYourPassword" name="login_to_app" time="2.869"/>
  <testcase classname="com.webOrder.WebOrder_Create_Unique_Order_Handle_ChangeYourPassword" name="create_Order" time="19.589"/>
</testsuite> <!-- com.webOrder.WebOrder_Create_Unique_Order_Handle_ChangeYourPassword -->
