<?xml version="1.0" encoding="UTF-8"?>
<!-- Generated by org.testng.reporters.JUnitXMLReporter -->
<testsuite ignored="0" hostname="IBM-PF37ZYHL" failures="0" tests="5" name="ChromeTest" time="44.978" errors="0" timestamp="2026-07-20T12:45:25 IST">
  <testcase classname="com.webOrder.Weborder_Cross_Browser_Using_BaseClass_with_DataProvider" name="login_to_app" time="10.01"/>
  <testcase classname="com.webOrder.Weborder_Cross_Browser_Using_BaseClass_with_DataProvider" name="login_to_app" time="6.427"/>
  <testcase classname="com.webOrder.Weborder_Cross_Browser_Using_BaseClass_with_DataProvider" name="login_to_app" time="5.744"/>
  <testcase classname="com.webOrder.Weborder_Cross_Browser_Using_BaseClass_with_DataProvider" name="login_to_app" time="5.236"/>
  <testcase classname="com.webOrder.Weborder_Cross_Browser_Using_BaseClass_with_DataProvider" name="login_to_app" time="5.493"/>
</testsuite> <!-- ChromeTest -->
