<?xml version="1.0" encoding="UTF-8"?>
<!-- Generated by org.testng.reporters.JUnitXMLReporter -->
<testsuite ignored="0" hostname="IBM-PF37ZYHL" failures="0" tests="5" name="EdgeTest" time="35.842" errors="0" timestamp="2026-07-20T12:46:46 IST">
  <testcase classname="com.webOrder.Weborder_Cross_Browser_Using_BaseClass_with_DataProvider" name="login_to_app" time="9.42"/>
  <testcase classname="com.webOrder.Weborder_Cross_Browser_Using_BaseClass_with_DataProvider" name="login_to_app" time="5.71"/>
  <testcase classname="com.webOrder.Weborder_Cross_Browser_Using_BaseClass_with_DataProvider" name="login_to_app" time="5.32"/>
  <testcase classname="com.webOrder.Weborder_Cross_Browser_Using_BaseClass_with_DataProvider" name="login_to_app" time="5.732"/>
  <testcase classname="com.webOrder.Weborder_Cross_Browser_Using_BaseClass_with_DataProvider" name="login_to_app" time="5.662"/>
</testsuite> <!-- EdgeTest -->
