<?xml version="1.0" encoding="UTF-8"?>
<!-- Generated by org.testng.reporters.JUnitXMLReporter -->
<testsuite ignored="0" hostname="IBM-PF37ZYHL" failures="0" tests="5" name="FirefoxTest" time="45.544" errors="0" timestamp="2026-07-20T12:46:10 IST">
  <testcase classname="com.webOrder.Weborder_Cross_Browser_Using_BaseClass_with_DataProvider" name="login_to_app" time="12.88"/>
  <testcase classname="com.webOrder.Weborder_Cross_Browser_Using_BaseClass_with_DataProvider" name="login_to_app" time="5.413"/>
  <testcase classname="com.webOrder.Weborder_Cross_Browser_Using_BaseClass_with_DataProvider" name="login_to_app" time="5.394"/>
  <testcase classname="com.webOrder.Weborder_Cross_Browser_Using_BaseClass_with_DataProvider" name="login_to_app" time="5.396"/>
  <testcase classname="com.webOrder.Weborder_Cross_Browser_Using_BaseClass_with_DataProvider" name="login_to_app" time="5.389"/>
</testsuite> <!-- FirefoxTest -->
